Performing C SOURCE FILE Test CMAKE_HAVE_LIBC_PTHREAD failed with the following output:
Change Dir: /media/ivan/6A0CEC5E0CEC26B3/uchyoba/TexnoPark/Osnova/C-C++/MeetUp_Official/project/base_architecture/build/CMakeFiles/CMakeTmp

Run Build Command(s):/usr/bin/make cmTC_cbede/fast && /usr/bin/make -f CMakeFiles/cmTC_cbede.dir/build.make CMakeFiles/cmTC_cbede.dir/build
make[1]: вход в каталог «/media/ivan/6A0CEC5E0CEC26B3/uchyoba/TexnoPark/Osnova/C-C++/MeetUp_Official/project/base_architecture/build/CMakeFiles/CMakeTmp»
Building C object CMakeFiles/cmTC_cbede.dir/src.c.o
/usr/bin/cc   -DCMAKE_HAVE_LIBC_PTHREAD   -o CMakeFiles/cmTC_cbede.dir/src.c.o   -c /media/ivan/6A0CEC5E0CEC26B3/uchyoba/TexnoPark/Osnova/C-C++/MeetUp_Official/project/base_architecture/build/CMakeFiles/CMakeTmp/src.c
Linking C executable cmTC_cbede
/usr/bin/cmake -E cmake_link_script CMakeFiles/cmTC_cbede.dir/link.txt --verbose=1
/usr/bin/cc  -DCMAKE_HAVE_LIBC_PTHREAD    CMakeFiles/cmTC_cbede.dir/src.c.o  -o cmTC_cbede 
/usr/bin/ld: CMakeFiles/cmTC_cbede.dir/src.c.o: в функции «main»:
src.c:(.text+0x46): неопределённая ссылка на «pthread_create»
/usr/bin/ld: src.c:(.text+0x52): неопределённая ссылка на «pthread_detach»
/usr/bin/ld: src.c:(.text+0x63): неопределённая ссылка на «pthread_join»
collect2: error: ld returned 1 exit status
make[1]: *** [CMakeFiles/cmTC_cbede.dir/build.make:87: cmTC_cbede] Ошибка 1
make[1]: выход из каталога «/media/ivan/6A0CEC5E0CEC26B3/uchyoba/TexnoPark/Osnova/C-C++/MeetUp_Official/project/base_architecture/build/CMakeFiles/CMakeTmp»
make: *** [Makefile:121: cmTC_cbede/fast] Ошибка 2


Source file was:
#include <pthread.h>

void* test_func(void* data)
{
  return data;
}

int main(void)
{
  pthread_t thread;
  pthread_create(&thread, NULL, test_func, NULL);
  pthread_detach(thread);
  pthread_join(thread, NULL);
  pthread_atfork(NULL, NULL, NULL);
  pthread_exit(NULL);

  return 0;
}

Determining if the function pthread_create exists in the pthreads failed with the following output:
Change Dir: /media/ivan/6A0CEC5E0CEC26B3/uchyoba/TexnoPark/Osnova/C-C++/MeetUp_Official/project/base_architecture/build/CMakeFiles/CMakeTmp

Run Build Command(s):/usr/bin/make cmTC_9de0d/fast && /usr/bin/make -f CMakeFiles/cmTC_9de0d.dir/build.make CMakeFiles/cmTC_9de0d.dir/build
make[1]: вход в каталог «/media/ivan/6A0CEC5E0CEC26B3/uchyoba/TexnoPark/Osnova/C-C++/MeetUp_Official/project/base_architecture/build/CMakeFiles/CMakeTmp»
Building C object CMakeFiles/cmTC_9de0d.dir/CheckFunctionExists.c.o
/usr/bin/cc   -DCHECK_FUNCTION_EXISTS=pthread_create   -o CMakeFiles/cmTC_9de0d.dir/CheckFunctionExists.c.o   -c /usr/share/cmake-3.16/Modules/CheckFunctionExists.c
Linking C executable cmTC_9de0d
/usr/bin/cmake -E cmake_link_script CMakeFiles/cmTC_9de0d.dir/link.txt --verbose=1
/usr/bin/cc  -DCHECK_FUNCTION_EXISTS=pthread_create    CMakeFiles/cmTC_9de0d.dir/CheckFunctionExists.c.o  -o cmTC_9de0d  -lpthreads 
/usr/bin/ld: невозможно найти -lpthreads
collect2: error: ld returned 1 exit status
make[1]: *** [CMakeFiles/cmTC_9de0d.dir/build.make:87: cmTC_9de0d] Ошибка 1
make[1]: выход из каталога «/media/ivan/6A0CEC5E0CEC26B3/uchyoba/TexnoPark/Osnova/C-C++/MeetUp_Official/project/base_architecture/build/CMakeFiles/CMakeTmp»
make: *** [Makefile:121: cmTC_9de0d/fast] Ошибка 2



